Refreshing run status every 3 seconds. Press Ctrl+C to quit.

* terry-local-wip CI · 27797909803
Triggered via workflow_dispatch less than a minute ago

JOBS
* EditMode tests (ID 82261623171)
  ✓ Set up job
  ✓ Checkout
  ✓ Cache Library
  * Run EditMode tests
  * Upload test results
  * Post Run EditMode tests
  * Post Cache Library
  * Post Checkout
Refreshing run status every 3 seconds. Press Ctrl+C to quit.

* terry-local-wip CI · 27797909803
Triggered via workflow_dispatch less than a minute ago

JOBS
* EditMode tests (ID 82261623171)
  ✓ Set up job
  ✓ Checkout
  ✓ Cache Library
  * Run EditMode tests
  * Upload test results
  * Post Run EditMode tests
  * Post Cache Library
  * Post Checkout
Refreshing run status every 3 seconds. Press Ctrl+C to quit.

* terry-local-wip CI · 27797909803
Triggered via workflow_dispatch less than a minute ago

JOBS
* EditMode tests (ID 82261623171)
  ✓ Set up job
  ✓ Checkout
  ✓ Cache Library
  * Run EditMode tests
  * Upload test results
  * Post Run EditMode tests
  * Post Cache Library
  * Post Checkout
Refreshing run status every 3 seconds. Press Ctrl+C to quit.

* terry-local-wip CI · 27797909803
Triggered via workflow_dispatch less than a minute ago

JOBS
* EditMode tests (ID 82261623171)
  ✓ Set up job
  ✓ Checkout
  ✓ Cache Library
  * Run EditMode tests
  * Upload test results
  * Post Run EditMode tests
  * Post Cache Library
  * Post Checkout
Refreshing run status every 3 seconds. Press Ctrl+C to quit.

* terry-local-wip CI · 27797909803
Triggered via workflow_dispatch less than a minute ago

JOBS
* EditMode tests (ID 82261623171)
  ✓ Set up job
  ✓ Checkout
  ✓ Cache Library
  * Run EditMode tests
  * Upload test results
  * Post Run EditMode tests
  * Post Cache Library
  * Post Checkout
Refreshing run status every 3 seconds. Press Ctrl+C to quit.

* terry-local-wip CI · 27797909803
Triggered via workflow_dispatch less than a minute ago

JOBS
* EditMode tests (ID 82261623171)
  ✓ Set up job
  ✓ Checkout
  ✓ Cache Library
  * Run EditMode tests
  * Upload test results
  * Post Run EditMode tests
  * Post Cache Library
  * Post Checkout
Refreshing run status every 3 seconds. Press Ctrl+C to quit.

* terry-local-wip CI · 27797909803
Triggered via workflow_dispatch less than a minute ago

JOBS
* EditMode tests (ID 82261623171)
  ✓ Set up job
  ✓ Checkout
  ✓ Cache Library
  * Run EditMode tests
  * Upload test results
  * Post Run EditMode tests
  * Post Cache Library
  * Post Checkout
Refreshing run status every 3 seconds. Press Ctrl+C to quit.

* terry-local-wip CI · 27797909803
Triggered via workflow_dispatch about 1 minute ago

JOBS
* EditMode tests (ID 82261623171)
  ✓ Set up job
  ✓ Checkout
  ✓ Cache Library
  * Run EditMode tests
  * Upload test results
  * Post Run EditMode tests
  * Post Cache Library
  * Post Checkout
Refreshing run status every 3 seconds. Press Ctrl+C to quit.

* terry-local-wip CI · 27797909803
Triggered via workflow_dispatch about 1 minute ago

JOBS
* EditMode tests (ID 82261623171)
  ✓ Set up job
  ✓ Checkout
  ✓ Cache Library
  * Run EditMode tests
  * Upload test results
  * Post Run EditMode tests
  * Post Cache Library
  * Post Checkout
Refreshing run status every 3 seconds. Press Ctrl+C to quit.

* terry-local-wip CI · 27797909803
Triggered via workflow_dispatch about 1 minute ago

JOBS
* EditMode tests (ID 82261623171)
  ✓ Set up job
  ✓ Checkout
  ✓ Cache Library
  * Run EditMode tests
  * Upload test results
  * Post Run EditMode tests
  * Post Cache Library
  * Post Checkout
